{"/Users/mboev/Desktop/tddLab1/script.js": {"path":"/Users/mboev/Desktop/tddLab1/script.js","statementMap":{"0":{"start":{"line":4,"column":13},"end":{"line":4,"column":38}},"1":{"start":{"line":5,"column":13},"end":{"line":5,"column":15}},"2":{"start":{"line":7,"column":0},"end":{"line":15,"column":1}},"3":{"start":{"line":8,"column":4},"end":{"line":8,"column":25}},"4":{"start":{"line":9,"column":4},"end":{"line":9,"column":18}},"5":{"start":{"line":11,"column":21},"end":{"line":11,"column":48}},"6":{"start":{"line":12,"column":16},"end":{"line":12,"column":42}},"7":{"start":{"line":13,"column":4},"end":{"line":13,"column":67}},"8":{"start":{"line":14,"column":8},"end":{"line":14,"column":22}},"9":{"start":{"line":17,"column":0},"end":{"line":17,"column":35}}},"fnMap":{"0":{"name":"translatePigLatin","decl":{"start":{"line":2,"column":9},"end":{"line":2,"column":26}},"loc":{"start":{"line":2,"column":32},"end":{"line":15,"column":2}},"line":2}},"branchMap":{"0":{"loc":{"start":{"line":7,"column":0},"end":{"line":15,"column":1}},"type":"if","locations":[{"start":{"line":7,"column":0},"end":{"line":15,"column":1}},{"start":{"line":7,"column":0},"end":{"line":15,"column":1}}],"line":7},"1":{"loc":{"start":{"line":11,"column":21},"end":{"line":11,"column":48}},"type":"binary-expr","locations":[{"start":{"line":11,"column":21},"end":{"line":11,"column":43}},{"start":{"line":11,"column":47},"end":{"line":11,"column":48}}],"line":11}},"s":{"0":9,"1":9,"2":9,"3":4,"4":4,"5":5,"6":5,"7":5,"8":5,"9":1},"f":{"0":9},"b":{"0":[4,5],"1":[5,0]},"_coverageSchema":"1a1c01bbd47fc00a2c39e90264f33305004495a9","hash":"1b3cc2924518fd7a87b87eb8eda7e8cec7f0ff98"}
}
